# JRE version: OpenJDK Runtime Environment (11.0.12+7) (build 11.0.12+7-b1504.28-7817840)
# Java VM: OpenJDK 64-Bit Server VM (11.0.12+7-b1504.28-7817840, mixed mode, tiered, compressed oops, g1 gc, windows-amd64)
Heap:
 garbage-first heap   total 227328K, used 196787K [0x0000000080000000, 0x0000000100000000)
  region size 1024K, 44 young (45056K), 6 survivors (6144K)
 Metaspace       used 108482K, capacity 111053K, committed 111948K, reserved 1146880K
  class space    used 13231K, capacity 14183K, committed 14412K, reserved 1048576K
GC Heap History (20 events):
Event: 362.121 GC heap before
{Heap before GC invocations=24 (full 0):
 garbage-first heap   total 227328K, used 185781K [0x0000000080000000, 0x0000000100000000)
  region size 1024K, 72 young (73728K), 5 survivors (5120K)
 Metaspace       used 101407K, capacity 104176K, committed 104268K, reserved 1140736K
  class space    used 12644K, capacity 13631K, committed 13644K, reserved 1048576K
}
Event: 362.129 GC heap after
{Heap after GC invocations=25 (full 0):
 garbage-first heap   total 227328K, used 116723K [0x0000000080000000, 0x0000000100000000)
  region size 1024K, 3 young (3072K), 3 survivors (3072K)
 Metaspace       used 101407K, capacity 104176K, committed 104268K, reserved 1140736K
  class space    used 12644K, capacity 13631K, committed 13644K, reserved 1048576K
}
Event: 428.608 GC heap before
{Heap before GC invocations=25 (full 0):
 garbage-first heap   total 227328K, used 187379K [0x0000000080000000, 0x0000000100000000)
  region size 1024K, 73 young (74752K), 3 survivors (3072K)
 Metaspace       used 101886K, capacity 104641K, committed 104908K, reserved 1140736K
  class space    used 12663K, capacity 13662K, committed 13772K, reserved 1048576K
}
Event: 428.638 GC heap after
{Heap after GC invocations=26 (full 0):
 garbage-first heap   total 227328K, used 123856K [0x0000000080000000, 0x0000000100000000)
  region size 1024K, 10 young (10240K), 10 survivors (10240K)
 Metaspace       used 101886K, capacity 104641K, committed 104908K, reserved 1140736K
  class space    used 12663K, capacity 13662K, committed 13772K, reserved 1048576K
}
Event: 2793.130 GC heap before
{Heap before GC invocations=27 (full 0):
 garbage-first heap   total 227328K, used 188368K [0x0000000080000000, 0x0000000100000000)
  region size 1024K, 74 young (75776K), 10 survivors (10240K)
 Metaspace       used 102189K, capacity 104969K, committed 105164K, reserved 1140736K
  class space    used 12664K, capacity 13663K, committed 13772K, reserved 1048576K
}
Event: 2793.138 GC heap after
{Heap after GC invocations=28 (full 0):
 garbage-first heap   total 227328K, used 118595K [0x0000000080000000, 0x0000000100000000)
  region size 1024K, 2 young (2048K), 2 survivors (2048K)
 Metaspace       used 102189K, capacity 104969K, committed 105164K, reserved 1140736K
  class space    used 12664K, capacity 13663K, committed 13772K, reserved 1048576K
}
Event: 3857.025 GC heap before
{Heap before GC invocations=28 (full 0):
 garbage-first heap   total 227328K, used 186179K [0x0000000080000000, 0x0000000100000000)
  region size 1024K, 69 young (70656K), 2 survivors (2048K)
 Metaspace       used 103487K, capacity 106411K, committed 106572K, reserved 1142784K
  class space    used 12814K, capacity 13872K, committed 13900K, reserved 1048576K
}
Event: 3857.041 GC heap after
{Heap after GC invocations=29 (full 0):
 garbage-first heap   total 227328K, used 122592K [0x0000000080000000, 0x0000000100000000)
  region size 1024K, 6 young (6144K), 6 survivors (6144K)
 Metaspace       used 103487K, capacity 106411K, committed 106572K, reserved 1142784K
  class space    used 12814K, capacity 13872K, committed 13900K, reserved 1048576K
}
Event: 3859.044 GC heap before
{Heap before GC invocations=30 (full 0):
 garbage-first heap   total 227328K, used 188128K [0x0000000080000000, 0x0000000100000000)
  region size 1024K, 71 young (72704K), 6 survivors (6144K)
 Metaspace       used 105379K, capacity 107907K, committed 108876K, reserved 1144832K
  class space    used 13002K, capacity 13942K, committed 14156K, reserved 1048576K
}
Event: 3859.067 GC heap after
{Heap after GC invocations=31 (full 0):
 garbage-first heap   total 227328K, used 130095K [0x0000000080000000, 0x0000000100000000)
  region size 1024K, 8 young (8192K), 8 survivors (8192K)
 Metaspace       used 105379K, capacity 107907K, committed 108876K, reserved 1144832K
  class space    used 13002K, capacity 13942K, committed 14156K, reserved 1048576K
}
Event: 3859.115 GC heap before
{Heap before GC invocations=31 (full 0):
 garbage-first heap   total 227328K, used 133167K [0x0000000080000000, 0x0000000100000000)
  region size 1024K, 11 young (11264K), 8 survivors (8192K)
 Metaspace       used 105384K, capacity 107907K, committed 108876K, reserved 1144832K
  class space    used 13002K, capacity 13942K, committed 14156K, reserved 1048576K
}
Event: 3859.141 GC heap after
{Heap after GC invocations=32 (full 0):
 garbage-first heap   total 227328K, used 120308K [0x0000000080000000, 0x0000000100000000)
  region size 1024K, 2 young (2048K), 2 survivors (2048K)
 Metaspace       used 105384K, capacity 107907K, committed 108876K, reserved 1144832K
  class space    used 13002K, capacity 13942K, committed 14156K, reserved 1048576K
}
Event: 3859.258 GC heap before
{Heap before GC invocations=32 (full 0):
 garbage-first heap   total 227328K, used 129524K [0x0000000080000000, 0x0000000100000000)
  region size 1024K, 12 young (12288K), 2 survivors (2048K)
 Metaspace       used 105436K, capacity 107971K, committed 108876K, reserved 1144832K
  class space    used 13002K, capacity 13942K, committed 14156K, reserved 1048576K
}
Event: 3859.266 GC heap after
{Heap after GC invocations=33 (full 0):
 garbage-first heap   total 227328K, used 122654K [0x0000000080000000, 0x0000000100000000)
  region size 1024K, 4 young (4096K), 4 survivors (4096K)
 Metaspace       used 105436K, capacity 107971K, committed 108876K, reserved 1144832K
  class space    used 13002K, capacity 13942K, committed 14156K, reserved 1048576K
}
Event: 3860.229 GC heap before
{Heap before GC invocations=34 (full 0):
 garbage-first heap   total 227328K, used 190238K [0x0000000080000000, 0x0000000100000000)
  region size 1024K, 60 young (61440K), 4 survivors (4096K)
 Metaspace       used 106127K, capacity 108674K, committed 109516K, reserved 1144832K
  class space    used 13048K, capacity 14007K, committed 14284K, reserved 1048576K
}
Event: 3860.252 GC heap after
{Heap after GC invocations=35 (full 0):
 garbage-first heap   total 227328K, used 138564K [0x0000000080000000, 0x0000000100000000)
  region size 1024K, 8 young (8192K), 8 survivors (8192K)
 Metaspace       used 106127K, capacity 108674K, committed 109516K, reserved 1144832K
  class space    used 13048K, capacity 14007K, committed 14284K, reserved 1048576K
}
Event: 3860.319 GC heap before
{Heap before GC invocations=35 (full 0):
 garbage-first heap   total 227328K, used 140612K [0x0000000080000000, 0x0000000100000000)
  region size 1024K, 11 young (11264K), 8 survivors (8192K)
 Metaspace       used 106160K, capacity 108678K, committed 109516K, reserved 1144832K
  class space    used 13051K, capacity 14008K, committed 14284K, reserved 1048576K
}
Event: 3860.334 GC heap after
{Heap after GC invocations=36 (full 0):
 garbage-first heap   total 227328K, used 140417K [0x0000000080000000, 0x0000000100000000)
  region size 1024K, 2 young (2048K), 2 survivors (2048K)
 Metaspace       used 106160K, capacity 108678K, committed 109516K, reserved 1144832K
  class space    used 13051K, capacity 14008K, committed 14284K, reserved 1048576K
}
Event: 3860.568 GC heap before
{Heap before GC invocations=36 (full 0):
 garbage-first heap   total 227328K, used 153729K [0x0000000080000000, 0x0000000100000000)
  region size 1024K, 17 young (17408K), 2 survivors (2048K)
 Metaspace       used 106203K, capacity 108685K, committed 109516K, reserved 1144832K
  class space    used 13053K, capacity 14010K, committed 14284K, reserved 1048576K
}
Event: 3860.579 GC heap after
{Heap after GC invocations=37 (full 0):
 garbage-first heap   total 227328K, used 144563K [0x0000000080000000, 0x0000000100000000)
  region size 1024K, 6 young (6144K), 6 survivors (6144K)
 Metaspace       used 106203K, capacity 108685K, committed 109516K, reserved 1144832K
  class space    used 13053K, capacity 14010K, committed 14284K, reserved 1048576K
}

