# JRE version: OpenJDK Runtime Environment (11.0.12+7) (build 11.0.12+7-b1504.28-7817840)
# Java VM: OpenJDK 64-Bit Server VM (11.0.12+7-b1504.28-7817840, mixed mode, tiered, compressed oops, g1 gc, windows-amd64)
Heap:
 garbage-first heap   total 273408K, used 134592K [0x0000000080000000, 0x0000000100000000)
  region size 1024K, 41 young (41984K), 2 survivors (2048K)
 Metaspace       used 95488K, capacity 97608K, committed 97912K, reserved 1134592K
  class space    used 12006K, capacity 12792K, committed 12920K, reserved 1048576K
GC Heap History (20 events):
Event: 5.522 GC heap before
{Heap before GC invocations=10 (full 0):
 garbage-first heap   total 157696K, used 35735K [0x0000000080000000, 0x0000000100000000)
  region size 1024K, 17 young (17408K), 10 survivors (10240K)
 Metaspace       used 45425K, capacity 46405K, committed 46464K, reserved 1089536K
  class space    used 5842K, capacity 6235K, committed 6272K, reserved 1048576K
}
Event: 5.539 GC heap after
{Heap after GC invocations=11 (full 0):
 garbage-first heap   total 189440K, used 29819K [0x0000000080000000, 0x0000000100000000)
  region size 1024K, 5 young (5120K), 5 survivors (5120K)
 Metaspace       used 45425K, capacity 46405K, committed 46464K, reserved 1089536K
  class space    used 5842K, capacity 6235K, committed 6272K, reserved 1048576K
}
Event: 6.602 GC heap before
{Heap before GC invocations=12 (full 0):
 garbage-first heap   total 189440K, used 118907K [0x0000000080000000, 0x0000000100000000)
  region size 1024K, 89 young (91136K), 5 survivors (5120K)
 Metaspace       used 50263K, capacity 51568K, committed 51832K, reserved 1093632K
  class space    used 6456K, capacity 6917K, committed 7032K, reserved 1048576K
}
Event: 6.620 GC heap after
{Heap after GC invocations=13 (full 0):
 garbage-first heap   total 189440K, used 43463K [0x0000000080000000, 0x0000000100000000)
  region size 1024K, 12 young (12288K), 12 survivors (12288K)
 Metaspace       used 50263K, capacity 51568K, committed 51832K, reserved 1093632K
  class space    used 6456K, capacity 6917K, committed 7032K, reserved 1048576K
}
Event: 7.739 GC heap before
{Heap before GC invocations=14 (full 0):
 garbage-first heap   total 189440K, used 124359K [0x0000000080000000, 0x0000000100000000)
  region size 1024K, 91 young (93184K), 12 survivors (12288K)
 Metaspace       used 61798K, capacity 63230K, committed 63480K, reserved 1103872K
  class space    used 7833K, capacity 8390K, committed 8440K, reserved 1048576K
}
Event: 7.755 GC heap after
{Heap after GC invocations=15 (full 0):
 garbage-first heap   total 189440K, used 50340K [0x0000000080000000, 0x0000000100000000)
  region size 1024K, 7 young (7168K), 7 survivors (7168K)
 Metaspace       used 61798K, capacity 63230K, committed 63480K, reserved 1103872K
  class space    used 7833K, capacity 8390K, committed 8440K, reserved 1048576K
}
Event: 8.566 GC heap before
{Heap before GC invocations=15 (full 0):
 garbage-first heap   total 189440K, used 131236K [0x0000000080000000, 0x0000000100000000)
  region size 1024K, 85 young (87040K), 7 survivors (7168K)
 Metaspace       used 66371K, capacity 68009K, committed 68216K, reserved 1107968K
  class space    used 8435K, capacity 9032K, committed 9080K, reserved 1048576K
}
Event: 8.578 GC heap after
{Heap after GC invocations=16 (full 0):
 garbage-first heap   total 189440K, used 54444K [0x0000000080000000, 0x0000000100000000)
  region size 1024K, 6 young (6144K), 6 survivors (6144K)
 Metaspace       used 66371K, capacity 68009K, committed 68216K, reserved 1107968K
  class space    used 8435K, capacity 9032K, committed 9080K, reserved 1048576K
}
Event: 9.554 GC heap before
{Heap before GC invocations=16 (full 0):
 garbage-first heap   total 189440K, used 135340K [0x0000000080000000, 0x0000000100000000)
  region size 1024K, 85 young (87040K), 6 survivors (6144K)
 Metaspace       used 74216K, capacity 75935K, committed 76152K, reserved 1116160K
  class space    used 9651K, capacity 10304K, committed 10360K, reserved 1048576K
}
Event: 9.572 GC heap after
{Heap after GC invocations=17 (full 0):
 garbage-first heap   total 227328K, used 59514K [0x0000000080000000, 0x0000000100000000)
  region size 1024K, 11 young (11264K), 11 survivors (11264K)
 Metaspace       used 74216K, capacity 75935K, committed 76152K, reserved 1116160K
  class space    used 9651K, capacity 10304K, committed 10360K, reserved 1048576K
}
Event: 11.014 GC heap before
{Heap before GC invocations=17 (full 0):
 garbage-first heap   total 227328K, used 155770K [0x0000000080000000, 0x0000000100000000)
  region size 1024K, 106 young (108544K), 11 survivors (11264K)
 Metaspace       used 83740K, capacity 85857K, committed 86008K, reserved 1124352K
  class space    used 10900K, capacity 11675K, committed 11768K, reserved 1048576K
}
Event: 11.036 GC heap after
{Heap after GC invocations=18 (full 0):
 garbage-first heap   total 227328K, used 68028K [0x0000000080000000, 0x0000000100000000)
  region size 1024K, 14 young (14336K), 14 survivors (14336K)
 Metaspace       used 83740K, capacity 85857K, committed 86008K, reserved 1124352K
  class space    used 10900K, capacity 11675K, committed 11768K, reserved 1048576K
}
Event: 11.906 GC heap before
{Heap before GC invocations=18 (full 0):
 garbage-first heap   total 227328K, used 112060K [0x0000000080000000, 0x0000000100000000)
  region size 1024K, 59 young (60416K), 14 survivors (14336K)
 Metaspace       used 84529K, capacity 86656K, committed 86816K, reserved 1124352K
  class space    used 10965K, capacity 11781K, committed 11896K, reserved 1048576K
}
Event: 11.937 GC heap after
{Heap after GC invocations=19 (full 0):
 garbage-first heap   total 227328K, used 70777K [0x0000000080000000, 0x0000000100000000)
  region size 1024K, 4 young (4096K), 4 survivors (4096K)
 Metaspace       used 84529K, capacity 86656K, committed 86816K, reserved 1124352K
  class space    used 10965K, capacity 11781K, committed 11896K, reserved 1048576K
}
Event: 13.504 GC heap before
{Heap before GC invocations=20 (full 0):
 garbage-first heap   total 227328K, used 180345K [0x0000000080000000, 0x0000000100000000)
  region size 1024K, 101 young (103424K), 4 survivors (4096K)
 Metaspace       used 86233K, capacity 88367K, committed 88568K, reserved 1126400K
  class space    used 11124K, capacity 11926K, committed 12024K, reserved 1048576K
}
Event: 13.538 GC heap after
{Heap after GC invocations=21 (full 0):
 garbage-first heap   total 227328K, used 94208K [0x0000000080000000, 0x0000000100000000)
  region size 1024K, 13 young (13312K), 13 survivors (13312K)
 Metaspace       used 86233K, capacity 88367K, committed 88568K, reserved 1126400K
  class space    used 11124K, capacity 11926K, committed 12024K, reserved 1048576K
}
Event: 14.813 GC heap before
{Heap before GC invocations=22 (full 0):
 garbage-first heap   total 227328K, used 185344K [0x0000000080000000, 0x0000000100000000)
  region size 1024K, 88 young (90112K), 13 survivors (13312K)
 Metaspace       used 90862K, capacity 92973K, committed 93304K, reserved 1130496K
  class space    used 11487K, capacity 12308K, committed 12408K, reserved 1048576K
}
Event: 14.843 GC heap after
{Heap after GC invocations=23 (full 0):
 garbage-first heap   total 273408K, used 102912K [0x0000000080000000, 0x0000000100000000)
  region size 1024K, 9 young (9216K), 9 survivors (9216K)
 Metaspace       used 90862K, capacity 92973K, committed 93304K, reserved 1130496K
  class space    used 11487K, capacity 12308K, committed 12408K, reserved 1048576K
}
Event: 16.566 GC heap before
{Heap before GC invocations=23 (full 0):
 garbage-first heap   total 273408K, used 194048K [0x0000000080000000, 0x0000000100000000)
  region size 1024K, 98 young (100352K), 9 survivors (9216K)
 Metaspace       used 93199K, capacity 95313K, committed 95608K, reserved 1132544K
  class space    used 11706K, capacity 12521K, committed 12664K, reserved 1048576K
}
Event: 16.576 GC heap after
{Heap after GC invocations=24 (full 0):
 garbage-first heap   total 273408K, used 96704K [0x0000000080000000, 0x0000000100000000)
  region size 1024K, 2 young (2048K), 2 survivors (2048K)
 Metaspace       used 93199K, capacity 95313K, committed 95608K, reserved 1132544K
  class space    used 11706K, capacity 12521K, committed 12664K, reserved 1048576K
}

