# JRE version: OpenJDK Runtime Environment (11.0.12+7) (build 11.0.12+7-b1504.28-7817840)
# Java VM: OpenJDK 64-Bit Server VM (11.0.12+7-b1504.28-7817840, mixed mode, tiered, compressed oops, g1 gc, windows-amd64)
Heap:
 garbage-first heap   total 273408K, used 106259K [0x0000000080000000, 0x0000000100000000)
  region size 1024K, 13 young (13312K), 13 survivors (13312K)
 Metaspace       used 95587K, capacity 97902K, committed 98252K, reserved 1134592K
  class space    used 12341K, capacity 13192K, committed 13312K, reserved 1048576K
GC Heap History (20 events):
Event: 3.286 GC heap after
{Heap after GC invocations=8 (full 0):
 garbage-first heap   total 157696K, used 22541K [0x0000000080000000, 0x0000000100000000)
  region size 1024K, 6 young (6144K), 6 survivors (6144K)
 Metaspace       used 34894K, capacity 35723K, committed 35840K, reserved 1081344K
  class space    used 4532K, capacity 4839K, committed 4864K, reserved 1048576K
}
Event: 4.057 GC heap before
{Heap before GC invocations=9 (full 0):
 garbage-first heap   total 157696K, used 93197K [0x0000000080000000, 0x0000000100000000)
  region size 1024K, 73 young (74752K), 6 survivors (6144K)
 Metaspace       used 40360K, capacity 41293K, committed 41548K, reserved 1085440K
  class space    used 5161K, capacity 5476K, committed 5504K, reserved 1048576K
}
Event: 4.070 GC heap after
{Heap after GC invocations=10 (full 0):
 garbage-first heap   total 157696K, used 28187K [0x0000000080000000, 0x0000000100000000)
  region size 1024K, 9 young (9216K), 9 survivors (9216K)
 Metaspace       used 40360K, capacity 41293K, committed 41548K, reserved 1085440K
  class space    used 5161K, capacity 5476K, committed 5504K, reserved 1048576K
}
Event: 4.804 GC heap before
{Heap before GC invocations=10 (full 0):
 garbage-first heap   total 157696K, used 99867K [0x0000000080000000, 0x0000000100000000)
  region size 1024K, 79 young (80896K), 9 survivors (9216K)
 Metaspace       used 46539K, capacity 47631K, committed 47948K, reserved 1091584K
  class space    used 6008K, capacity 6408K, committed 6528K, reserved 1048576K
}
Event: 4.817 GC heap after
{Heap after GC invocations=11 (full 0):
 garbage-first heap   total 189440K, used 29764K [0x0000000080000000, 0x0000000100000000)
  region size 1024K, 3 young (3072K), 3 survivors (3072K)
 Metaspace       used 46539K, capacity 47631K, committed 47948K, reserved 1091584K
  class space    used 6008K, capacity 6408K, committed 6528K, reserved 1048576K
}
Event: 6.187 GC heap before
{Heap before GC invocations=11 (full 0):
 garbage-first heap   total 189440K, used 138308K [0x0000000080000000, 0x0000000100000000)
  region size 1024K, 106 young (108544K), 3 survivors (3072K)
 Metaspace       used 54698K, capacity 56031K, committed 56140K, reserved 1097728K
  class space    used 7023K, capacity 7528K, committed 7552K, reserved 1048576K
}
Event: 6.198 GC heap after
{Heap after GC invocations=12 (full 0):
 garbage-first heap   total 189440K, used 43902K [0x0000000080000000, 0x0000000100000000)
  region size 1024K, 13 young (13312K), 13 survivors (13312K)
 Metaspace       used 54698K, capacity 56031K, committed 56140K, reserved 1097728K
  class space    used 7023K, capacity 7528K, committed 7552K, reserved 1048576K
}
Event: 6.499 GC heap before
{Heap before GC invocations=12 (full 0):
 garbage-first heap   total 189440K, used 68478K [0x0000000080000000, 0x0000000100000000)
  region size 1024K, 38 young (38912K), 13 survivors (13312K)
 Metaspace       used 58711K, capacity 60129K, committed 60236K, reserved 1101824K
  class space    used 7433K, capacity 7974K, committed 8064K, reserved 1048576K
}
Event: 6.520 GC heap after
{Heap after GC invocations=13 (full 0):
 garbage-first heap   total 189440K, used 45593K [0x0000000080000000, 0x0000000100000000)
  region size 1024K, 2 young (2048K), 2 survivors (2048K)
 Metaspace       used 58711K, capacity 60129K, committed 60236K, reserved 1101824K
  class space    used 7433K, capacity 7974K, committed 8064K, reserved 1048576K
}
Event: 7.638 GC heap before
{Heap before GC invocations=14 (full 0):
 garbage-first heap   total 189440K, used 143897K [0x0000000080000000, 0x0000000100000000)
  region size 1024K, 98 young (100352K), 2 survivors (2048K)
 Metaspace       used 66323K, capacity 67909K, committed 68172K, reserved 1107968K
  class space    used 8426K, capacity 8997K, committed 9088K, reserved 1048576K
}
Event: 7.650 GC heap after
{Heap after GC invocations=15 (full 0):
 garbage-first heap   total 189440K, used 52519K [0x0000000080000000, 0x0000000100000000)
  region size 1024K, 9 young (9216K), 9 survivors (9216K)
 Metaspace       used 66323K, capacity 67909K, committed 68172K, reserved 1107968K
  class space    used 8426K, capacity 8997K, committed 9088K, reserved 1048576K
}
Event: 8.781 GC heap before
{Heap before GC invocations=15 (full 0):
 garbage-first heap   total 189440K, used 145703K [0x0000000080000000, 0x0000000100000000)
  region size 1024K, 100 young (102400K), 9 survivors (9216K)
 Metaspace       used 74765K, capacity 76500K, committed 76748K, reserved 1116160K
  class space    used 9723K, capacity 10384K, committed 10496K, reserved 1048576K
}
Event: 8.799 GC heap after
{Heap after GC invocations=16 (full 0):
 garbage-first heap   total 227328K, used 58667K [0x0000000080000000, 0x0000000100000000)
  region size 1024K, 7 young (7168K), 7 survivors (7168K)
 Metaspace       used 74765K, capacity 76500K, committed 76748K, reserved 1116160K
  class space    used 9723K, capacity 10384K, committed 10496K, reserved 1048576K
}
Event: 10.431 GC heap before
{Heap before GC invocations=16 (full 0):
 garbage-first heap   total 227328K, used 172331K [0x0000000080000000, 0x0000000100000000)
  region size 1024K, 119 young (121856K), 7 survivors (7168K)
 Metaspace       used 83904K, capacity 86055K, committed 86220K, reserved 1124352K
  class space    used 10905K, capacity 11712K, committed 11776K, reserved 1048576K
}
Event: 10.454 GC heap after
{Heap after GC invocations=17 (full 0):
 garbage-first heap   total 227328K, used 67540K [0x0000000080000000, 0x0000000100000000)
  region size 1024K, 15 young (15360K), 15 survivors (15360K)
 Metaspace       used 83904K, capacity 86055K, committed 86220K, reserved 1124352K
  class space    used 10905K, capacity 11712K, committed 11776K, reserved 1048576K
}
Event: 12.199 GC heap before
{Heap before GC invocations=17 (full 0):
 garbage-first heap   total 227328K, used 176084K [0x0000000080000000, 0x0000000100000000)
  region size 1024K, 122 young (124928K), 15 survivors (15360K)
 Metaspace       used 89431K, capacity 91584K, committed 91724K, reserved 1128448K
  class space    used 11581K, capacity 12389K, committed 12416K, reserved 1048576K
}
Event: 12.225 GC heap after
{Heap after GC invocations=18 (full 0):
 garbage-first heap   total 227328K, used 74403K [0x0000000080000000, 0x0000000100000000)
  region size 1024K, 8 young (8192K), 8 survivors (8192K)
 Metaspace       used 89431K, capacity 91584K, committed 91724K, reserved 1128448K
  class space    used 11581K, capacity 12389K, committed 12416K, reserved 1048576K
}
Event: 13.455 GC heap before
{Heap before GC invocations=18 (full 0):
 garbage-first heap   total 227328K, used 177827K [0x0000000080000000, 0x0000000100000000)
  region size 1024K, 110 young (112640K), 8 survivors (8192K)
 Metaspace       used 91117K, capacity 93273K, committed 93516K, reserved 1130496K
  class space    used 11780K, capacity 12577K, committed 12672K, reserved 1048576K
}
Event: 13.479 GC heap after
{Heap after GC invocations=19 (full 0):
 garbage-first heap   total 227328K, used 80035K [0x0000000080000000, 0x0000000100000000)
  region size 1024K, 13 young (13312K), 13 survivors (13312K)
 Metaspace       used 91117K, capacity 93273K, committed 93516K, reserved 1130496K
  class space    used 11780K, capacity 12577K, committed 12672K, reserved 1048576K
}
Event: 15.586 GC heap before
{Heap before GC invocations=19 (full 0):
 garbage-first heap   total 227328K, used 192675K [0x0000000080000000, 0x0000000100000000)
  region size 1024K, 92 young (94208K), 13 survivors (13312K)
 Metaspace       used 95587K, capacity 97902K, committed 98252K, reserved 1134592K
  class space    used 12341K, capacity 13192K, committed 13312K, reserved 1048576K
}

