# JRE version: OpenJDK Runtime Environment (11.0.12+7) (build 11.0.12+7-b1504.28-7817840)
# Java VM: OpenJDK 64-Bit Server VM (11.0.12+7-b1504.28-7817840, mixed mode, tiered, compressed oops, g1 gc, windows-amd64)
Heap:
 garbage-first heap   total 189440K, used 114466K [0x0000000080000000, 0x0000000100000000)
  region size 1024K, 71 young (72704K), 12 survivors (12288K)
 Metaspace       used 75253K, capacity 76972K, committed 77048K, reserved 1116160K
  class space    used 9778K, capacity 10456K, committed 10488K, reserved 1048576K
GC Heap History (20 events):
Event: 0.925 GC heap before
{Heap before GC invocations=2 (full 0):
 garbage-first heap   total 131072K, used 39955K [0x0000000080000000, 0x0000000100000000)
  region size 1024K, 32 young (32768K), 2 survivors (2048K)
 Metaspace       used 10860K, capacity 11069K, committed 11264K, reserved 1058816K
  class space    used 1130K, capacity 1207K, committed 1280K, reserved 1048576K
}
Event: 0.928 GC heap after
{Heap after GC invocations=3 (full 0):
 garbage-first heap   total 131072K, used 11431K [0x0000000080000000, 0x0000000100000000)
  region size 1024K, 4 young (4096K), 4 survivors (4096K)
 Metaspace       used 10860K, capacity 11069K, committed 11264K, reserved 1058816K
  class space    used 1130K, capacity 1207K, committed 1280K, reserved 1048576K
}
Event: 1.879 GC heap before
{Heap before GC invocations=3 (full 0):
 garbage-first heap   total 131072K, used 60583K [0x0000000080000000, 0x0000000100000000)
  region size 1024K, 52 young (53248K), 4 survivors (4096K)
 Metaspace       used 18619K, capacity 19004K, committed 19328K, reserved 1067008K
  class space    used 2229K, capacity 2342K, committed 2432K, reserved 1048576K
}
Event: 1.887 GC heap after
{Heap after GC invocations=4 (full 0):
 garbage-first heap   total 131072K, used 16478K [0x0000000080000000, 0x0000000100000000)
  region size 1024K, 7 young (7168K), 7 survivors (7168K)
 Metaspace       used 18619K, capacity 19004K, committed 19328K, reserved 1067008K
  class space    used 2229K, capacity 2342K, committed 2432K, reserved 1048576K
}
Event: 2.048 GC heap before
{Heap before GC invocations=4 (full 0):
 garbage-first heap   total 131072K, used 36958K [0x0000000080000000, 0x0000000100000000)
  region size 1024K, 28 young (28672K), 7 survivors (7168K)
 Metaspace       used 20720K, capacity 21134K, committed 21248K, reserved 1067008K
  class space    used 2548K, capacity 2711K, committed 2816K, reserved 1048576K
}
Event: 2.056 GC heap after
{Heap after GC invocations=5 (full 0):
 garbage-first heap   total 157696K, used 17239K [0x0000000080000000, 0x0000000100000000)
  region size 1024K, 1 young (1024K), 1 survivors (1024K)
 Metaspace       used 20720K, capacity 21134K, committed 21248K, reserved 1067008K
  class space    used 2548K, capacity 2711K, committed 2816K, reserved 1048576K
}
Event: 2.656 GC heap before
{Heap before GC invocations=6 (full 0):
 garbage-first heap   total 157696K, used 76631K [0x0000000080000000, 0x0000000100000000)
  region size 1024K, 59 young (60416K), 1 survivors (1024K)
 Metaspace       used 26894K, capacity 27492K, committed 27648K, reserved 1073152K
  class space    used 3509K, capacity 3734K, committed 3840K, reserved 1048576K
}
Event: 2.663 GC heap after
{Heap after GC invocations=7 (full 0):
 garbage-first heap   total 157696K, used 19179K [0x0000000080000000, 0x0000000100000000)
  region size 1024K, 3 young (3072K), 3 survivors (3072K)
 Metaspace       used 26894K, capacity 27492K, committed 27648K, reserved 1073152K
  class space    used 3509K, capacity 3734K, committed 3840K, reserved 1048576K
}
Event: 3.525 GC heap before
{Heap before GC invocations=8 (full 0):
 garbage-first heap   total 157696K, used 85739K [0x0000000080000000, 0x0000000100000000)
  region size 1024K, 69 young (70656K), 3 survivors (3072K)
 Metaspace       used 36954K, capacity 37823K, committed 37888K, reserved 1081344K
  class space    used 4766K, capacity 5115K, committed 5120K, reserved 1048576K
}
Event: 3.535 GC heap after
{Heap after GC invocations=9 (full 0):
 garbage-first heap   total 157696K, used 23942K [0x0000000080000000, 0x0000000100000000)
  region size 1024K, 8 young (8192K), 8 survivors (8192K)
 Metaspace       used 36954K, capacity 37823K, committed 37888K, reserved 1081344K
  class space    used 4766K, capacity 5115K, committed 5120K, reserved 1048576K
}
Event: 4.256 GC heap before
{Heap before GC invocations=9 (full 0):
 garbage-first heap   total 157696K, used 98694K [0x0000000080000000, 0x0000000100000000)
  region size 1024K, 79 young (80896K), 8 survivors (8192K)
 Metaspace       used 41971K, capacity 42950K, committed 43264K, reserved 1087488K
  class space    used 5406K, capacity 5787K, committed 5888K, reserved 1048576K
}
Event: 4.270 GC heap after
{Heap after GC invocations=10 (full 0):
 garbage-first heap   total 157696K, used 28137K [0x0000000080000000, 0x0000000100000000)
  region size 1024K, 9 young (9216K), 9 survivors (9216K)
 Metaspace       used 41971K, capacity 42950K, committed 43264K, reserved 1087488K
  class space    used 5406K, capacity 5787K, committed 5888K, reserved 1048576K
}
Event: 4.658 GC heap before
{Heap before GC invocations=10 (full 0):
 garbage-first heap   total 157696K, used 67049K [0x0000000080000000, 0x0000000100000000)
  region size 1024K, 48 young (49152K), 9 survivors (9216K)
 Metaspace       used 45373K, capacity 46405K, committed 46464K, reserved 1089536K
  class space    used 5844K, capacity 6235K, committed 6272K, reserved 1048576K
}
Event: 4.672 GC heap after
{Heap after GC invocations=11 (full 0):
 garbage-first heap   total 189440K, used 29739K [0x0000000080000000, 0x0000000100000000)
  region size 1024K, 7 young (7168K), 7 survivors (7168K)
 Metaspace       used 45373K, capacity 46405K, committed 46464K, reserved 1089536K
  class space    used 5844K, capacity 6235K, committed 6272K, reserved 1048576K
}
Event: 5.884 GC heap before
{Heap before GC invocations=12 (full 0):
 garbage-first heap   total 189440K, used 129067K [0x0000000080000000, 0x0000000100000000)
  region size 1024K, 101 young (103424K), 7 survivors (7168K)
 Metaspace       used 51669K, capacity 52985K, committed 53240K, reserved 1095680K
  class space    used 6618K, capacity 7091K, committed 7160K, reserved 1048576K
}
Event: 5.902 GC heap after
{Heap after GC invocations=13 (full 0):
 garbage-first heap   total 189440K, used 43008K [0x0000000080000000, 0x0000000100000000)
  region size 1024K, 13 young (13312K), 13 survivors (13312K)
 Metaspace       used 51669K, capacity 52985K, committed 53240K, reserved 1095680K
  class space    used 6618K, capacity 7091K, committed 7160K, reserved 1048576K
}
Event: 7.168 GC heap before
{Heap before GC invocations=14 (full 0):
 garbage-first heap   total 189440K, used 136192K [0x0000000080000000, 0x0000000100000000)
  region size 1024K, 105 young (107520K), 13 survivors (13312K)
 Metaspace       used 64021K, capacity 65441K, committed 65528K, reserved 1105920K
  class space    used 8099K, capacity 8653K, committed 8696K, reserved 1048576K
}
Event: 7.187 GC heap after
{Heap after GC invocations=15 (full 0):
 garbage-first heap   total 189440K, used 49760K [0x0000000080000000, 0x0000000100000000)
  region size 1024K, 7 young (7168K), 7 survivors (7168K)
 Metaspace       used 64021K, capacity 65441K, committed 65528K, reserved 1105920K
  class space    used 8099K, capacity 8653K, committed 8696K, reserved 1048576K
}
Event: 8.093 GC heap before
{Heap before GC invocations=15 (full 0):
 garbage-first heap   total 189440K, used 140896K [0x0000000080000000, 0x0000000100000000)
  region size 1024K, 95 young (97280K), 7 survivors (7168K)
 Metaspace       used 70062K, capacity 71635K, committed 71928K, reserved 1112064K
  class space    used 9024K, capacity 9621K, committed 9720K, reserved 1048576K
}
Event: 8.106 GC heap after
{Heap after GC invocations=16 (full 0):
 garbage-first heap   total 189440K, used 55074K [0x0000000080000000, 0x0000000100000000)
  region size 1024K, 12 young (12288K), 12 survivors (12288K)
 Metaspace       used 70062K, capacity 71635K, committed 71928K, reserved 1112064K
  class space    used 9024K, capacity 9621K, committed 9720K, reserved 1048576K
}

