# JRE version: OpenJDK Runtime Environment (11.0.12+7) (build 11.0.12+7-b1504.28-7817840)
# Java VM: OpenJDK 64-Bit Server VM (11.0.12+7-b1504.28-7817840, mixed mode, tiered, compressed oops, g1 gc, windows-amd64)
Heap:
 garbage-first heap   total 233472K, used 59504K [0x0000000080000000, 0x0000000100000000)
  region size 1024K, 7 young (7168K), 7 survivors (7168K)
 Metaspace       used 73790K, capacity 75547K, committed 75896K, reserved 1114112K
  class space    used 9593K, capacity 10223K, committed 10360K, reserved 1048576K
GC Heap History (20 events):
Event: 0.952 GC heap after
{Heap after GC invocations=3 (full 0):
 garbage-first heap   total 131072K, used 12385K [0x0000000080000000, 0x0000000100000000)
  region size 1024K, 4 young (4096K), 4 survivors (4096K)
 Metaspace       used 10846K, capacity 11069K, committed 11264K, reserved 1058816K
  class space    used 1131K, capacity 1207K, committed 1280K, reserved 1048576K
}
Event: 1.860 GC heap before
{Heap before GC invocations=3 (full 0):
 garbage-first heap   total 131072K, used 57441K [0x0000000080000000, 0x0000000100000000)
  region size 1024K, 48 young (49152K), 4 survivors (4096K)
 Metaspace       used 18257K, capacity 18647K, committed 18816K, reserved 1064960K
  class space    used 2181K, capacity 2308K, committed 2432K, reserved 1048576K
}
Event: 1.867 GC heap after
{Heap after GC invocations=4 (full 0):
 garbage-first heap   total 131072K, used 16790K [0x0000000080000000, 0x0000000100000000)
  region size 1024K, 6 young (6144K), 6 survivors (6144K)
 Metaspace       used 18257K, capacity 18647K, committed 18816K, reserved 1064960K
  class space    used 2181K, capacity 2308K, committed 2432K, reserved 1048576K
}
Event: 2.062 GC heap before
{Heap before GC invocations=4 (full 0):
 garbage-first heap   total 131072K, used 39318K [0x0000000080000000, 0x0000000100000000)
  region size 1024K, 29 young (29696K), 6 survivors (6144K)
 Metaspace       used 20717K, capacity 21134K, committed 21248K, reserved 1067008K
  class space    used 2550K, capacity 2711K, committed 2816K, reserved 1048576K
}
Event: 2.068 GC heap after
{Heap after GC invocations=5 (full 0):
 garbage-first heap   total 157696K, used 17787K [0x0000000080000000, 0x0000000100000000)
  region size 1024K, 5 young (5120K), 5 survivors (5120K)
 Metaspace       used 20717K, capacity 21134K, committed 21248K, reserved 1067008K
  class space    used 2550K, capacity 2711K, committed 2816K, reserved 1048576K
}
Event: 2.626 GC heap before
{Heap before GC invocations=6 (full 0):
 garbage-first heap   total 157696K, used 73083K [0x0000000080000000, 0x0000000100000000)
  region size 1024K, 59 young (60416K), 5 survivors (5120K)
 Metaspace       used 26649K, capacity 27265K, committed 27520K, reserved 1073152K
  class space    used 3479K, capacity 3701K, committed 3712K, reserved 1048576K
}
Event: 2.633 GC heap after
{Heap after GC invocations=7 (full 0):
 garbage-first heap   total 157696K, used 20074K [0x0000000080000000, 0x0000000100000000)
  region size 1024K, 7 young (7168K), 7 survivors (7168K)
 Metaspace       used 26649K, capacity 27265K, committed 27520K, reserved 1073152K
  class space    used 3479K, capacity 3701K, committed 3712K, reserved 1048576K
}
Event: 3.377 GC heap before
{Heap before GC invocations=7 (full 0):
 garbage-first heap   total 157696K, used 77418K [0x0000000080000000, 0x0000000100000000)
  region size 1024K, 64 young (65536K), 7 survivors (7168K)
 Metaspace       used 34898K, capacity 35719K, committed 35840K, reserved 1081344K
  class space    used 4531K, capacity 4839K, committed 4864K, reserved 1048576K
}
Event: 3.391 GC heap after
{Heap after GC invocations=8 (full 0):
 garbage-first heap   total 157696K, used 23101K [0x0000000080000000, 0x0000000100000000)
  region size 1024K, 10 young (10240K), 10 survivors (10240K)
 Metaspace       used 34898K, capacity 35719K, committed 35840K, reserved 1081344K
  class space    used 4531K, capacity 4839K, committed 4864K, reserved 1048576K
}
Event: 4.257 GC heap before
{Heap before GC invocations=9 (full 0):
 garbage-first heap   total 157696K, used 101949K [0x0000000080000000, 0x0000000100000000)
  region size 1024K, 85 young (87040K), 10 survivors (10240K)
 Metaspace       used 41038K, capacity 41958K, committed 41984K, reserved 1085440K
  class space    used 5268K, capacity 5613K, committed 5632K, reserved 1048576K
}
Event: 4.280 GC heap after
{Heap after GC invocations=10 (full 0):
 garbage-first heap   total 157696K, used 29221K [0x0000000080000000, 0x0000000100000000)
  region size 1024K, 11 young (11264K), 11 survivors (11264K)
 Metaspace       used 41038K, capacity 41958K, committed 41984K, reserved 1085440K
  class space    used 5268K, capacity 5613K, committed 5632K, reserved 1048576K
}
Event: 5.124 GC heap before
{Heap before GC invocations=10 (full 0):
 garbage-first heap   total 157696K, used 108069K [0x0000000080000000, 0x0000000100000000)
  region size 1024K, 87 young (89088K), 11 survivors (11264K)
 Metaspace       used 47492K, capacity 48656K, committed 48768K, reserved 1091584K
  class space    used 6115K, capacity 6517K, committed 6528K, reserved 1048576K
}
Event: 5.140 GC heap after
{Heap after GC invocations=11 (full 0):
 garbage-first heap   total 194560K, used 32687K [0x0000000080000000, 0x0000000100000000)
  region size 1024K, 10 young (10240K), 10 survivors (10240K)
 Metaspace       used 47492K, capacity 48656K, committed 48768K, reserved 1091584K
  class space    used 6115K, capacity 6517K, committed 6528K, reserved 1048576K
}
Event: 6.294 GC heap before
{Heap before GC invocations=11 (full 0):
 garbage-first heap   total 194560K, used 127919K [0x0000000080000000, 0x0000000100000000)
  region size 1024K, 100 young (102400K), 10 survivors (10240K)
 Metaspace       used 55403K, capacity 56749K, committed 56832K, reserved 1097728K
  class space    used 7076K, capacity 7598K, committed 7680K, reserved 1048576K
}
Event: 6.312 GC heap after
{Heap after GC invocations=12 (full 0):
 garbage-first heap   total 194560K, used 45945K [0x0000000080000000, 0x0000000100000000)
  region size 1024K, 13 young (13312K), 13 survivors (13312K)
 Metaspace       used 55403K, capacity 56749K, committed 56832K, reserved 1097728K
  class space    used 7076K, capacity 7598K, committed 7680K, reserved 1048576K
}
Event: 6.590 GC heap before
{Heap before GC invocations=12 (full 0):
 garbage-first heap   total 194560K, used 64377K [0x0000000080000000, 0x0000000100000000)
  region size 1024K, 32 young (32768K), 13 survivors (13312K)
 Metaspace       used 58523K, capacity 59877K, committed 59904K, reserved 1101824K
  class space    used 7410K, capacity 7911K, committed 7936K, reserved 1048576K
}
Event: 6.608 GC heap after
{Heap after GC invocations=13 (full 0):
 garbage-first heap   total 194560K, used 47606K [0x0000000080000000, 0x0000000100000000)
  region size 1024K, 2 young (2048K), 2 survivors (2048K)
 Metaspace       used 58523K, capacity 59877K, committed 59904K, reserved 1101824K
  class space    used 7410K, capacity 7911K, committed 7936K, reserved 1048576K
}
Event: 7.704 GC heap before
{Heap before GC invocations=14 (full 0):
 garbage-first heap   total 194560K, used 138742K [0x0000000080000000, 0x0000000100000000)
  region size 1024K, 91 young (93184K), 2 survivors (2048K)
 Metaspace       used 66280K, capacity 67825K, committed 67960K, reserved 1107968K
  class space    used 8422K, capacity 8969K, committed 9080K, reserved 1048576K
}
Event: 7.722 GC heap after
{Heap after GC invocations=15 (full 0):
 garbage-first heap   total 194560K, used 53180K [0x0000000080000000, 0x0000000100000000)
  region size 1024K, 8 young (8192K), 8 survivors (8192K)
 Metaspace       used 66280K, capacity 67825K, committed 67960K, reserved 1107968K
  class space    used 8422K, capacity 8969K, committed 9080K, reserved 1048576K
}
Event: 8.768 GC heap before
{Heap before GC invocations=16 (full 0):
 garbage-first heap   total 194560K, used 142268K [0x0000000080000000, 0x0000000100000000)
  region size 1024K, 95 young (97280K), 8 survivors (8192K)
 Metaspace       used 73790K, capacity 75547K, committed 75896K, reserved 1114112K
  class space    used 9593K, capacity 10223K, committed 10360K, reserved 1048576K
}

