# JRE version: OpenJDK Runtime Environment (11.0.12+7) (build 11.0.12+7-b1504.28-7817840)
# Java VM: OpenJDK 64-Bit Server VM (11.0.12+7-b1504.28-7817840, mixed mode, tiered, compressed oops, g1 gc, windows-amd64)
Heap:
 garbage-first heap   total 273408K, used 112640K [0x0000000080000000, 0x0000000100000000)
  region size 1024K, 8 young (8192K), 8 survivors (8192K)
 Metaspace       used 91231K, capacity 93329K, committed 93560K, reserved 1130496K
  class space    used 11512K, capacity 12340K, committed 12408K, reserved 1048576K
GC Heap History (20 events):
Event: 3.707 GC heap after
{Heap after GC invocations=9 (full 0):
 garbage-first heap   total 157696K, used 23616K [0x0000000080000000, 0x0000000100000000)
  region size 1024K, 8 young (8192K), 8 survivors (8192K)
 Metaspace       used 36983K, capacity 37888K, committed 38144K, reserved 1083392K
  class space    used 4766K, capacity 5115K, committed 5120K, reserved 1048576K
}
Event: 4.435 GC heap before
{Heap before GC invocations=9 (full 0):
 garbage-first heap   total 157696K, used 98368K [0x0000000080000000, 0x0000000100000000)
  region size 1024K, 78 young (79872K), 8 survivors (8192K)
 Metaspace       used 41861K, capacity 42848K, committed 42880K, reserved 1087488K
  class space    used 5383K, capacity 5753K, committed 5760K, reserved 1048576K
}
Event: 4.448 GC heap after
{Heap after GC invocations=10 (full 0):
 garbage-first heap   total 157696K, used 28069K [0x0000000080000000, 0x0000000100000000)
  region size 1024K, 9 young (9216K), 9 survivors (9216K)
 Metaspace       used 41861K, capacity 42848K, committed 42880K, reserved 1087488K
  class space    used 5383K, capacity 5753K, committed 5760K, reserved 1048576K
}
Event: 4.904 GC heap before
{Heap before GC invocations=10 (full 0):
 garbage-first heap   total 157696K, used 68005K [0x0000000080000000, 0x0000000100000000)
  region size 1024K, 49 young (50176K), 9 survivors (9216K)
 Metaspace       used 45404K, capacity 46405K, committed 46464K, reserved 1089536K
  class space    used 5843K, capacity 6235K, committed 6272K, reserved 1048576K
}
Event: 4.919 GC heap after
{Heap after GC invocations=11 (full 0):
 garbage-first heap   total 189440K, used 29123K [0x0000000080000000, 0x0000000100000000)
  region size 1024K, 6 young (6144K), 6 survivors (6144K)
 Metaspace       used 45404K, capacity 46405K, committed 46464K, reserved 1089536K
  class space    used 5843K, capacity 6235K, committed 6272K, reserved 1048576K
}
Event: 6.169 GC heap before
{Heap before GC invocations=12 (full 0):
 garbage-first heap   total 189440K, used 130499K [0x0000000080000000, 0x0000000100000000)
  region size 1024K, 102 young (104448K), 6 survivors (6144K)
 Metaspace       used 51779K, capacity 53148K, committed 53240K, reserved 1095680K
  class space    used 6635K, capacity 7124K, committed 7160K, reserved 1048576K
}
Event: 6.186 GC heap after
{Heap after GC invocations=13 (full 0):
 garbage-first heap   total 189440K, used 42841K [0x0000000080000000, 0x0000000100000000)
  region size 1024K, 13 young (13312K), 13 survivors (13312K)
 Metaspace       used 51779K, capacity 53148K, committed 53240K, reserved 1095680K
  class space    used 6635K, capacity 7124K, committed 7160K, reserved 1048576K
}
Event: 7.445 GC heap before
{Heap before GC invocations=14 (full 0):
 garbage-first heap   total 189440K, used 136025K [0x0000000080000000, 0x0000000100000000)
  region size 1024K, 105 young (107520K), 13 survivors (13312K)
 Metaspace       used 64106K, capacity 65609K, committed 65912K, reserved 1105920K
  class space    used 8112K, capacity 8688K, committed 8824K, reserved 1048576K
}
Event: 7.464 GC heap after
{Heap after GC invocations=15 (full 0):
 garbage-first heap   total 189440K, used 49361K [0x0000000080000000, 0x0000000100000000)
  region size 1024K, 7 young (7168K), 7 survivors (7168K)
 Metaspace       used 64106K, capacity 65609K, committed 65912K, reserved 1105920K
  class space    used 8112K, capacity 8688K, committed 8824K, reserved 1048576K
}
Event: 8.440 GC heap before
{Heap before GC invocations=15 (full 0):
 garbage-first heap   total 189440K, used 140497K [0x0000000080000000, 0x0000000100000000)
  region size 1024K, 96 young (98304K), 7 survivors (7168K)
 Metaspace       used 70360K, capacity 71964K, committed 72184K, reserved 1112064K
  class space    used 9095K, capacity 9687K, committed 9720K, reserved 1048576K
}
Event: 8.454 GC heap after
{Heap after GC invocations=16 (full 0):
 garbage-first heap   total 189440K, used 54676K [0x0000000080000000, 0x0000000100000000)
  region size 1024K, 12 young (12288K), 12 survivors (12288K)
 Metaspace       used 70360K, capacity 71964K, committed 72184K, reserved 1112064K
  class space    used 9095K, capacity 9687K, committed 9720K, reserved 1048576K
}
Event: 9.654 GC heap before
{Heap before GC invocations=16 (full 0):
 garbage-first heap   total 189440K, used 143764K [0x0000000080000000, 0x0000000100000000)
  region size 1024K, 99 young (101376K), 12 survivors (12288K)
 Metaspace       used 79303K, capacity 81157K, committed 81272K, reserved 1120256K
  class space    used 10343K, capacity 11028K, committed 11128K, reserved 1048576K
}
Event: 9.674 GC heap after
{Heap after GC invocations=17 (full 0):
 garbage-first heap   total 227328K, used 60903K [0x0000000080000000, 0x0000000100000000)
  region size 1024K, 12 young (12288K), 12 survivors (12288K)
 Metaspace       used 79303K, capacity 81157K, committed 81272K, reserved 1120256K
  class space    used 10343K, capacity 11028K, committed 11128K, reserved 1048576K
}
Event: 11.615 GC heap before
{Heap before GC invocations=17 (full 0):
 garbage-first heap   total 227328K, used 164327K [0x0000000080000000, 0x0000000100000000)
  region size 1024K, 114 young (116736K), 12 survivors (12288K)
 Metaspace       used 85368K, capacity 87545K, committed 87800K, reserved 1124352K
  class space    used 11074K, capacity 11908K, committed 12024K, reserved 1048576K
}
Event: 11.640 GC heap after
{Heap after GC invocations=18 (full 0):
 garbage-first heap   total 227328K, used 69588K [0x0000000080000000, 0x0000000100000000)
  region size 1024K, 15 young (15360K), 15 survivors (15360K)
 Metaspace       used 85368K, capacity 87545K, committed 87800K, reserved 1124352K
  class space    used 11074K, capacity 11908K, committed 12024K, reserved 1048576K
}
Event: 13.421 GC heap before
{Heap before GC invocations=18 (full 0):
 garbage-first heap   total 227328K, used 182228K [0x0000000080000000, 0x0000000100000000)
  region size 1024K, 115 young (117760K), 15 survivors (15360K)
 Metaspace       used 86356K, capacity 88488K, committed 88568K, reserved 1126400K
  class space    used 11138K, capacity 11945K, committed 12024K, reserved 1048576K
}
Event: 13.466 GC heap after
{Heap after GC invocations=19 (full 0):
 garbage-first heap   total 227328K, used 95232K [0x0000000080000000, 0x0000000100000000)
  region size 1024K, 15 young (15360K), 15 survivors (15360K)
 Metaspace       used 86356K, capacity 88488K, committed 88568K, reserved 1126400K
  class space    used 11138K, capacity 11945K, committed 12024K, reserved 1048576K
}
Event: 13.853 GC heap before
{Heap before GC invocations=19 (full 0):
 garbage-first heap   total 227328K, used 144384K [0x0000000080000000, 0x0000000100000000)
  region size 1024K, 49 young (50176K), 15 survivors (15360K)
 Metaspace       used 87419K, capacity 89550K, committed 89720K, reserved 1126400K
  class space    used 11227K, capacity 12030K, committed 12152K, reserved 1048576K
}
Event: 13.880 GC heap after
{Heap after GC invocations=20 (full 0):
 garbage-first heap   total 227328K, used 103424K [0x0000000080000000, 0x0000000100000000)
  region size 1024K, 8 young (8192K), 8 survivors (8192K)
 Metaspace       used 87419K, capacity 89550K, committed 89720K, reserved 1126400K
  class space    used 11227K, capacity 12030K, committed 12152K, reserved 1048576K
}
Event: 14.833 GC heap before
{Heap before GC invocations=21 (full 0):
 garbage-first heap   total 227328K, used 158720K [0x0000000080000000, 0x0000000100000000)
  region size 1024K, 63 young (64512K), 8 survivors (8192K)
 Metaspace       used 91231K, capacity 93329K, committed 93560K, reserved 1130496K
  class space    used 11512K, capacity 12340K, committed 12408K, reserved 1048576K
}

